<?xml version="1.0" encoding="UTF-8"?>
<!-- Generated by org.testng.reporters.JUnitReportReporter -->
<testsuite hostname="DESKTOP-IS4CQ26" failures="0" tests="1" name="testCases.TC_002_LoginTest" time="1.551" errors="0" timestamp="2023-02-21T16:43:36 EST" skipped="0">
  <testcase classname="testCases.TC_002_LoginTest" name="test_Login" time="1.551"/>
  <system-out/>
</testsuite> <!-- testCases.TC_002_LoginTest -->
